<?xml version="1.0" encoding="UTF-8"?>
<!-- Generated by org.testng.reporters.JUnitReportReporter -->
<testsuite skipped="0" hostname="Bujjilu" name="com.sai.Twitter_test" tests="1" failures="0" timestamp="20 Apr 2019 23:00:25 GMT" time="3.657" errors="0">
  <testcase name="testResourcesFirst" time="3.657" classname="com.sai.Twitter_test"/>
</testsuite> <!-- com.sai.Twitter_test -->
