<?xml version="1.0" encoding="UTF-8"?>
<!-- Generated by org.testng.reporters.JUnitReportReporter -->
<testsuite skipped="0" hostname="Bujjilu" name="com.sai.Twitter_test" tests="1" failures="0" timestamp="21 Apr 2019 00:38:42 GMT" time="3.046" errors="0">
  <testcase name="testResourcesFirst" time="3.046" classname="com.sai.Twitter_test"/>
</testsuite> <!-- com.sai.Twitter_test -->
