<?xml version="1.0" encoding="UTF-8"?>
<!-- Generated by org.testng.reporters.JUnitReportReporter -->
<testsuite skipped="0" hostname="Bujjilu" name="com.sai.Twitter_test" tests="1" failures="0" timestamp="20 Apr 2019 22:34:29 GMT" time="4.046" errors="0">
  <testcase name="testResourcesFirst" time="4.046" classname="com.sai.Twitter_test"/>
</testsuite> <!-- com.sai.Twitter_test -->
