<?xml version="1.0" encoding="UTF-8"?>
<!-- Generated by org.testng.reporters.JUnitReportReporter -->
<testsuite skipped="0" hostname="Bujjilu" name="com.io.Twitter_login" tests="1" failures="0" timestamp="20 Apr 2019 22:09:01 GMT" time="3.812" errors="0">
  <testcase name="testResourcesFirst" time="3.812" classname="com.io.Twitter_login"/>
</testsuite> <!-- com.io.Twitter_login -->
