<?xml version="1.0" encoding="UTF-8"?>
<!-- Generated by org.testng.reporters.JUnitReportReporter -->
<testsuite skipped="0" hostname="Bujjilu" name="all_tests.Rec_Spec" tests="1" failures="0" timestamp="20 Apr 2019 22:39:22 GMT" time="1.147" errors="0">
  <testcase name="testCRUDOperationsAllTogether" time="1.147" classname="all_tests.Rec_Spec"/>
</testsuite> <!-- all_tests.Rec_Spec -->
