<?xml version="1.0" encoding="UTF-8"?>
<!-- Generated by org.testng.reporters.JUnitReportReporter -->
<testsuite skipped="0" hostname="Bujjilu" name="all_tests.Rec_Spec" tests="1" failures="0" timestamp="20 Apr 2019 21:11:16 GMT" time="3.354" errors="0">
  <testcase name="testCRUDOperationsAllTogether" time="3.354" classname="all_tests.Rec_Spec"/>
</testsuite> <!-- all_tests.Rec_Spec -->
